

 NAS Parallel Benchmarks (NPB3.3-OCL) - BT Benchmark

 No input file inputbt.data. Using compiled defaults
 Size:  102x 102x 102
 Iterations:  200       dt:   0.0003000

 Time step    1
 Time step   20
 Time step   40
 Time step   60
 Time step   80
 Time step  100
 Time step  120
 Time step  140
 Time step  160
 Time step  180
 Time step  200
 Verification being performed for class B
 accuracy setting for epsilon =  1.0000000000000E-08
 Comparison of RMS-norms of residual
           1 1.4233597229287E+03 1.4233597229287E+03 1.0063894124705E-14
           2 9.9330522590150E+01 9.9330522590150E+01 3.7197249441622E-15
           3 3.5646025644536E+02 3.5646025644535E+02 9.7274478369256E-15
           4 3.2485447959084E+02 3.2485447959084E+02 8.5740776229645E-15
           5 3.2707541254660E+03 3.2707541254659E+03 8.4810986518660E-15
 Comparison of RMS-norms of solution error
           1 5.2969847140937E+01 5.2969847140937E+01 3.3535245715811E-15
           2 4.4632896115670E+00 4.4632896115671E+00 1.2138778416103E-14
           3 1.3122573342210E+01 1.3122573342210E+01 8.1219900689131E-15
           4 1.2006925323559E+01 1.2006925323559E+01 9.4684388099381E-15
           5 1.2459576151036E+02 1.2459576151036E+02 1.1633679696481E-14
 Verification Successful


 BT Benchmark Completed.
 Class           =                        B
 Size            =            102x 102x 102
 Iterations      =                      200
 Time in seconds =                    43.27
 Mop/s total     =                 16227.34
 Operation type  =           floating point
 Verification    =               SUCCESSFUL
 Version         =                    3.3.1
 Compile date    =              04 Jun 2018

 Compile options:
    CC           = gcc
    CLINK        = $(CC)
    C_LIB        = -lm -lOpenCL
    C_INC        = -I../common
    CFLAGS       = -g -Wall -O3 -mcmodel=medium
    CLINKFLAGS   = -O3 -mcmodel=medium
    RAND         = (none)

 OpenCL options:
    Device type  = CL_DEVICE_TYPE_CPU
    Device name  = Intel_Xeon_CPU_E5-2640_v4_2.40GHz

--------------------------------------
 Please send all errors/feedbacks to:
 Center for Manycore Programming
 cmp@aces.snu.ac.kr
 http://aces.snu.ac.kr
--------------------------------------


real	0m49.279s
user	6m49.770s
sys	0m4.556s
