

 NAS Parallel Benchmarks (NPB3.3-OCL) - BT Benchmark

 No input file inputbt.data. Using compiled defaults
 Size:   12x  12x  12
 Iterations:   60       dt:   0.0100000

 Time step    1
 Time step   20
 Time step   40
 Time step   60
 Verification being performed for class S
 accuracy setting for epsilon =  1.0000000000000E-08
 Comparison of RMS-norms of residual
           1 1.7034283709537E-01 1.7034283709541E-01 2.3332935484289E-13
           2 1.2975252070040E-02 1.2975252070034E-02 4.9333373963020E-13
           3 3.2527926989475E-02 3.2527926989486E-02 3.3619408934644E-13
           4 2.6436421275173E-02 2.6436421275167E-02 2.2966543401327E-13
           5 1.9211784131747E-01 1.9211784131744E-01 1.2930209919932E-13
 Comparison of RMS-norms of solution error
           1 4.9976913345799E-04 4.9976913345812E-04 2.5967790197149E-13
           2 4.5195666782978E-05 4.5195666782962E-05 3.4919095118189E-13
           3 7.3973765172940E-05 7.3973765172921E-05 2.4769614838684E-13
           4 7.3821238632389E-05 7.3821238632440E-05 6.8165387444977E-13
           5 8.9269630987489E-04 8.9269630987491E-04 2.2954526453512E-14
 Verification Successful


 BT Benchmark Completed.
 Class           =                        S
 Size            =             12x  12x  12
 Iterations      =                       60
 Time in seconds =                     0.05
 Mop/s total     =                  4938.65
 Operation type  =           floating point
 Verification    =               SUCCESSFUL
 Version         =                    3.3.1
 Compile date    =              04 Jun 2018

 Compile options:
    CC           = gcc
    CLINK        = $(CC)
    C_LIB        = -lm -lOpenCL
    C_INC        = -I../common
    CFLAGS       = -g -Wall -O3 -mcmodel=medium
    CLINKFLAGS   = -O3 -mcmodel=medium
    RAND         = (none)

 OpenCL options:
    Device type  = CL_DEVICE_TYPE_GPU
    Device name  = GeForce_GTX_1080_Ti

--------------------------------------
 Please send all errors/feedbacks to:
 Center for Manycore Programming
 cmp@aces.snu.ac.kr
 http://aces.snu.ac.kr
--------------------------------------


real	0m2.485s
user	0m0.069s
sys	0m2.034s
