

 NAS Parallel Benchmarks (NPB3.3-OCL) - CG Benchmark

 Size:       14000
 Iterations:                     15

 Initialization time =           3.001 seconds

   iteration           ||r||                 zeta
        1       1.75181478563790E-13    19.9997581277040
        2       1.68259854035629E-15    17.1140495745506
        3       1.66779137544486E-15    17.1296668946143
        4       1.63581691070022E-15    17.1302113581192
        5       1.62574434410641E-15    17.1302338856353
        6       1.62246770466104E-15    17.1302349879482
        7       1.58077672828108E-15    17.1302350498916
        8       1.56870704410912E-15    17.1302350537510
        9       1.52647206487532E-15    17.1302350540101
       10       1.51367848841506E-15    17.1302350540284
       11       1.47405743000201E-15    17.1302350540298
       12       1.45832301812725E-15    17.1302350540299
       13       1.43638333241134E-15    17.1302350540299
       14       1.42134570522464E-15    17.1302350540299
       15       1.38272135288407E-15    17.1302350540299
 Benchmark completed
 VERIFICATION SUCCESSFUL
 Zeta is     1.7130235054030E+01
 Error is    5.2055977665595E-14


 CG Benchmark Completed.
 Class           =                        A
 Size            =                    14000
 Iterations      =                       15
 Time in seconds =                     0.05
 Mop/s total     =                 27785.80
 Operation type  =           floating point
 Verification    =               SUCCESSFUL
 Version         =                    3.3.1
 Compile date    =              04 Jun 2018

 Compile options:
    CC           = gcc
    CLINK        = $(CC)
    C_LIB        = -lm -lOpenCL
    C_INC        = -I../common
    CFLAGS       = -g -Wall -O3 -mcmodel=medium
    CLINKFLAGS   = -O3 -mcmodel=medium
    RAND         = randdp

 OpenCL options:
    Device type  = CL_DEVICE_TYPE_GPU
    Device name  = GeForce_GTX_1080_Ti

--------------------------------------
 Please send all errors/feedbacks to:
 Center for Manycore Programming
 cmp@aces.snu.ac.kr
 http://aces.snu.ac.kr
--------------------------------------


real	0m3.259s
user	0m0.805s
sys	0m2.205s
