

 NAS Parallel Benchmarks (NPB3.3-OCL) - CG Benchmark

 Size:       75000
 Iterations:                     75

 Initialization time =           3.572 seconds

   iteration           ||r||                 zeta
        1       2.26465033164857E-13    59.9994751578754
        2       8.38752142830478E-16    21.7627846142538
        3       8.55241489980078E-16    22.2876617043225
        4       8.51309553153511E-16    22.5230738188352
        5       8.62388338667219E-16    22.6275390653890
        6       8.59349167883020E-16    22.6740259189537
        7       8.66971727156914E-16    22.6949056826254
        8       8.74602589010081E-16    22.7044023166871
        9       8.73404860863344E-16    22.7087834345615
       10       8.76130202828224E-16    22.7108351397172
       11       8.73490358898071E-16    22.7118107121338
       12       8.79562497238190E-16    22.7122816240973
       13       8.73631349522115E-16    22.7125122663246
       14       8.76899426573989E-16    22.7126268007597
       15       8.69392144012577E-16    22.7126844161817
       16       8.74198703854371E-16    22.7127137461758
       17       8.73913184767914E-16    22.7127288401998
       18       8.75607868851561E-16    22.7127366848298
       19       8.72307375194289E-16    22.7127407981219
       20       8.70982039915635E-16    22.7127429721363
       21       8.68732822702311E-16    22.7127441294027
       22       8.72388731298093E-16    22.7127447493899
       23       8.69296759984568E-16    22.7127450834529
       24       8.67164205199757E-16    22.7127452643879
       25       8.62975338563889E-16    22.7127453628460
       26       8.69672135285290E-16    22.7127454166513
       27       8.70414779236067E-16    22.7127454461692
       28       8.67301896858045E-16    22.7127454624204
       29       8.75505464478409E-16    22.7127454713970
       30       8.70710238122097E-16    22.7127454763704
       31       8.75420900937263E-16    22.7127454791336
       32       8.71255576645898E-16    22.7127454806728
       33       8.65926037213239E-16    22.7127454815324
       34       8.65064149139343E-16    22.7127454820135
       35       8.62741941974717E-16    22.7127454822834
       36       8.64587376554140E-16    22.7127454824351
       37       8.65735608273290E-16    22.7127454825204
       38       8.63794729613393E-16    22.7127454825688
       39       8.66800441937757E-16    22.7127454825960
       40       8.65366763983221E-16    22.7127454826114
       41       8.65364815558948E-16    22.7127454826201
       42       8.64774954030136E-16    22.7127454826252
       43       8.64022350979166E-16    22.7127454826279
       44       8.64719554987246E-16    22.7127454826295
       45       8.67811661757985E-16    22.7127454826305
       46       8.54981906770715E-16    22.7127454826310
       47       8.60698256913598E-16    22.7127454826312
       48       8.56683487614883E-16    22.7127454826315
       49       8.58827589085415E-16    22.7127454826315
       50       8.62119558036439E-16    22.7127454826316
       51       8.61200416076275E-16    22.7127454826316
       52       8.65786774966481E-16    22.7127454826317
       53       8.65867593181245E-16    22.7127454826317
       54       8.57617322226114E-16    22.7127454826317
       55       8.57809712684711E-16    22.7127454826316
       56       8.54701339570896E-16    22.7127454826317
       57       8.64459944029566E-16    22.7127454826317
       58       8.55854372291629E-16    22.7127454826316
       59       8.53337051351673E-16    22.7127454826317
       60       8.52179802642597E-16    22.7127454826317
       61       8.55808314581820E-16    22.7127454826316
       62       8.63670998297787E-16    22.7127454826317
       63       8.55720475501236E-16    22.7127454826318
       64       8.54992182620274E-16    22.7127454826317
       65       8.56683077257536E-16    22.7127454826317
       66       8.48652956853638E-16    22.7127454826316
       67       8.49970825025367E-16    22.7127454826317
       68       8.52047446540203E-16    22.7127454826317
       69       8.45103194554680E-16    22.7127454826317
       70       8.53668053680777E-16    22.7127454826317
       71       8.51879285929357E-16    22.7127454826316
       72       8.51803104749088E-16    22.7127454826316
       73       8.56574686723416E-16    22.7127454826317
       74       8.54279384614483E-16    22.7127454826317
       75       8.52550672858273E-16    22.7127454826317
 Benchmark completed
 VERIFICATION SUCCESSFUL
 Zeta is     2.2712745482632E+01
 Error is    3.0032521909398E-14


 CG Benchmark Completed.
 Class           =                        B
 Size            =                    75000
 Iterations      =                       75
 Time in seconds =                    27.45
 Mop/s total     =                  1993.15
 Operation type  =           floating point
 Verification    =               SUCCESSFUL
 Version         =                    3.3.1
 Compile date    =              04 Jun 2018

 Compile options:
    CC           = gcc
    CLINK        = $(CC)
    C_LIB        = -lm -lOpenCL
    C_INC        = -I../common
    CFLAGS       = -g -Wall -O3 -mcmodel=medium
    CLINKFLAGS   = -O3 -mcmodel=medium
    RAND         = randdp

 OpenCL options:
    Device type  = CL_DEVICE_TYPE_CPU
    Device name  = Intel_Xeon_CPU_E5-2640_v4_2.40GHz

--------------------------------------
 Please send all errors/feedbacks to:
 Center for Manycore Programming
 cmp@aces.snu.ac.kr
 http://aces.snu.ac.kr
--------------------------------------


real	0m31.114s
user	4m7.051s
sys	0m5.009s
