

 NAS Parallel Benchmarks (NPB3.3-OCL) - CG Benchmark

 Size:       75000
 Iterations:                     75

 Initialization time =           5.921 seconds

   iteration           ||r||                 zeta
        1       8.84617875347361E-14    59.9994751578754
        2       3.61156450367175E-16    21.7627846142539
        3       3.76062021337740E-16    22.2876617043224
        4       3.82602764947129E-16    22.5230738188352
        5       3.81863470125457E-16    22.6275390653890
        6       3.83030367825888E-16    22.6740259189537
        7       3.82264317428726E-16    22.6949056826253
        8       3.81061806148980E-16    22.7044023166871
        9       3.84100498133782E-16    22.7087834345615
       10       3.80843256718484E-16    22.7108351397172
       11       3.78084520158501E-16    22.7118107121336
       12       3.78929819680691E-16    22.7122816240973
       13       3.77574827002566E-16    22.7125122663245
       14       3.74825889053297E-16    22.7126268007598
       15       3.76815238111861E-16    22.7126844161817
       16       3.74233249907630E-16    22.7127137461758
       17       3.74538737004381E-16    22.7127288401997
       18       3.75072184673473E-16    22.7127366848297
       19       3.71399144382797E-16    22.7127407981219
       20       3.70566488077867E-16    22.7127429721364
       21       3.70610972899531E-16    22.7127441294027
       22       3.70026682833199E-16    22.7127447493899
       23       3.66580765603511E-16    22.7127450834529
       24       3.68069349197899E-16    22.7127452643880
       25       3.66162835812543E-16    22.7127453628459
       26       3.66352376328418E-16    22.7127454166513
       27       3.65455625942157E-16    22.7127454461692
       28       3.63766503548423E-16    22.7127454624205
       29       3.61980080826888E-16    22.7127454713970
       30       3.61681609943421E-16    22.7127454763705
       31       3.63018598536782E-16    22.7127454791336
       32       3.60404533567618E-16    22.7127454806728
       33       3.58898187911371E-16    22.7127454815325
       34       3.60312095188428E-16    22.7127454820135
       35       3.58188891084959E-16    22.7127454822834
       36       3.54852448763563E-16    22.7127454824350
       37       3.53458515643099E-16    22.7127454825206
       38       3.53959980942199E-16    22.7127454825687
       39       3.53942004638571E-16    22.7127454825960
       40       3.54212000378072E-16    22.7127454826114
       41       3.49775484355177E-16    22.7127454826201
       42       3.51851399083648E-16    22.7127454826251
       43       3.48252866308037E-16    22.7127454826279
       44       3.46906590384502E-16    22.7127454826295
       45       3.48048115249590E-16    22.7127454826304
       46       3.44568897182485E-16    22.7127454826309
       47       3.47488767840999E-16    22.7127454826313
       48       3.45995753932466E-16    22.7127454826315
       49       3.46039140566138E-16    22.7127454826315
       50       3.45623196721921E-16    22.7127454826316
       51       3.41994528431566E-16    22.7127454826316
       52       3.40496598681454E-16    22.7127454826317
       53       3.37785523884890E-16    22.7127454826317
       54       3.38840475844411E-16    22.7127454826317
       55       3.40964669100924E-16    22.7127454826317
       56       3.39076257085146E-16    22.7127454826316
       57       3.37463835907052E-16    22.7127454826317
       58       3.36732789006602E-16    22.7127454826317
       59       3.32739789826850E-16    22.7127454826317
       60       3.32262169318784E-16    22.7127454826317
       61       3.30410596500119E-16    22.7127454826317
       62       3.30106099103768E-16    22.7127454826317
       63       3.30802365824326E-16    22.7127454826317
       64       3.33237126336703E-16    22.7127454826318
       65       3.28789861608470E-16    22.7127454826317
       66       3.28438792552253E-16    22.7127454826318
       67       3.26217252865543E-16    22.7127454826316
       68       3.25022747252961E-16    22.7127454826317
       69       3.25710010805864E-16    22.7127454826316
       70       3.21571796405501E-16    22.7127454826317
       71       3.22558642156548E-16    22.7127454826317
       72       3.22195650869640E-16    22.7127454826317
       73       3.20060797942967E-16    22.7127454826317
       74       3.20673080565264E-16    22.7127454826316
       75       3.20795324713425E-16    22.7127454826316
 Benchmark completed
 VERIFICATION SUCCESSFUL
 Zeta is     2.2712745482632E+01
 Error is    2.6591295440613E-14


 CG Benchmark Completed.
 Class           =                        B
 Size            =                    75000
 Iterations      =                       75
 Time in seconds =                     1.37
 Mop/s total     =                 39907.67
 Operation type  =           floating point
 Verification    =               SUCCESSFUL
 Version         =                    3.3.1
 Compile date    =              04 Jun 2018

 Compile options:
    CC           = gcc
    CLINK        = $(CC)
    C_LIB        = -lm -lOpenCL
    C_INC        = -I../common
    CFLAGS       = -g -Wall -O3 -mcmodel=medium
    CLINKFLAGS   = -O3 -mcmodel=medium
    RAND         = randdp

 OpenCL options:
    Device type  = CL_DEVICE_TYPE_GPU
    Device name  = GeForce_GTX_1080_Ti

--------------------------------------
 Please send all errors/feedbacks to:
 Center for Manycore Programming
 cmp@aces.snu.ac.kr
 http://aces.snu.ac.kr
--------------------------------------


real	0m7.480s
user	0m3.820s
sys	0m3.447s
