

 NAS Parallel Benchmarks (NPB3.3-OCL) - CG Benchmark

 Size:      150000
 Iterations:                     75

 Initialization time =          12.918 seconds

   iteration           ||r||                 zeta
        1       1.13235891044279E-13   109.9994423237398
        2       3.34502639556987E-16    27.3920437146521
        3       3.30570522095407E-16    28.0339761840269
        4       3.29520344667614E-16    28.4191507551292
        5       3.26613920500220E-16    28.6471670038896
        6       3.27078495211866E-16    28.7812969418413
        7       3.25430808908606E-16    28.8600458537345
        8       3.25563333095194E-16    28.9063145572684
        9       3.25409401892626E-16    28.9335649214618
       10       3.26242387930667E-16    28.9496695448997
       11       3.24166328079660E-16    28.9592263353753
       12       3.24741188699462E-16    28.9649233484893
       13       3.25095866612797E-16    28.9683359248930
       14       3.23785453400628E-16    28.9703903960004
       15       3.25012918851029E-16    28.9716336228371
       16       3.22553163161206E-16    28.9723898600851
       17       3.23818229240428E-16    28.9728522692227
       18       3.22020538864394E-16    28.9731364797775
       19       3.21194645421655E-16    28.9733120569288
       20       3.18847990417776E-16    28.9734210663749
       21       3.19488165110263E-16    28.9734890760555
       22       3.18493352317298E-16    28.9735317064876
       23       3.17962349503304E-16    28.9735585497253
       24       3.18501446593900E-16    28.9735755256648
       25       3.18039991220110E-16    28.9735863059384
       26       3.17646595885625E-16    28.9735931787373
       27       3.18806359186251E-16    28.9735975767372
       28       3.19761799706851E-16    28.9736004009986
       29       3.18339399641295E-16    28.9736022206775
       30       3.17705319546936E-16    28.9736033967631
       31       3.18665858439369E-16    28.9736041591154
       32       3.17088073269685E-16    28.9736046546407
       33       3.15628100671158E-16    28.9736049775619
       34       3.13531509415905E-16    28.9736051885101
       35       3.12625167927616E-16    28.9736053266248
       36       3.13124316678049E-16    28.9736054172452
       37       3.11962544290337E-16    28.9736054768225
       38       3.11126565203392E-16    28.9736055160640
       39       3.11824135024992E-16    28.9736055419569
       40       3.11861227011164E-16    28.9736055590699
       41       3.11606494708613E-16    28.9736055703982
       42       3.11986482343700E-16    28.9736055779077
       43       3.12261487481632E-16    28.9736055828932
       44       3.12117849894468E-16    28.9736055862071
       45       3.12503233088221E-16    28.9736055884129
       46       3.10297591577923E-16    28.9736055898825
       47       3.09010785039131E-16    28.9736055908628
       48       3.07626932891449E-16    28.9736055915179
       49       3.07214105819369E-16    28.9736055919554
       50       3.06113730228903E-16    28.9736055922483
       51       3.06745748866322E-16    28.9736055924446
       52       3.04891973014095E-16    28.9736055925761
       53       3.06176757085685E-16    28.9736055926644
       54       3.05352026345991E-16    28.9736055927235
       55       3.05250936199313E-16    28.9736055927635
       56       3.05668426464571E-16    28.9736055927900
       57       3.05770291624593E-16    28.9736055928082
       58       3.03576425578779E-16    28.9736055928205
       59       3.05600276320067E-16    28.9736055928288
       60       3.04375142636762E-16    28.9736055928341
       61       3.04487751973535E-16    28.9736055928378
       62       3.00849184928147E-16    28.9736055928403
       63       3.01162505691196E-16    28.9736055928422
       64       3.00468901804851E-16    28.9736055928431
       65       2.99096517300321E-16    28.9736055928439
       66       2.99188402388638E-16    28.9736055928443
       67       3.00438179685994E-16    28.9736055928446
       68       2.99125903557679E-16    28.9736055928450
       69       2.99835150287550E-16    28.9736055928452
       70       2.98852929315111E-16    28.9736055928453
       71       3.00457443731476E-16    28.9736055928452
       72       2.99348336401465E-16    28.9736055928456
       73       2.98782425462438E-16    28.9736055928457
       74       2.98500265677450E-16    28.9736055928455
       75       2.96084998375284E-16    28.9736055928455
 Benchmark completed
 VERIFICATION SUCCESSFUL
 Zeta is     2.8973605592845E+01
 Error is    1.5817847147006E-14


 CG Benchmark Completed.
 Class           =                        C
 Size            =                   150000
 Iterations      =                       75
 Time in seconds =                     3.46
 Mop/s total     =                 41447.03
 Operation type  =           floating point
 Verification    =               SUCCESSFUL
 Version         =                    3.3.1
 Compile date    =              04 Jun 2018

 Compile options:
    CC           = gcc
    CLINK        = $(CC)
    C_LIB        = -lm -lOpenCL
    C_INC        = -I../common
    CFLAGS       = -g -Wall -O3 -mcmodel=medium
    CLINKFLAGS   = -O3 -mcmodel=medium
    RAND         = randdp

 OpenCL options:
    Device type  = CL_DEVICE_TYPE_GPU
    Device name  = GeForce_GTX_1080_Ti

--------------------------------------
 Please send all errors/feedbacks to:
 Center for Manycore Programming
 cmp@aces.snu.ac.kr
 http://aces.snu.ac.kr
--------------------------------------


real	0m16.581s
user	0m10.080s
sys	0m6.285s
