

 NAS Parallel Benchmarks (NPB3.3-OCL) - CG Benchmark

 Size:      150000
 Iterations:                     75

 Initialization time =           5.425 seconds

   iteration           ||r||                 zeta
        1       3.51589560074425E-13   109.9994423237398
        2       7.98074495346764E-16    27.3920437146521
        3       8.48149621162658E-16    28.0339761840270
        4       8.71357333795612E-16    28.4191507551291
        5       8.87481554364751E-16    28.6471670038895
        6       8.90318068194321E-16    28.7812969418415
        7       8.93766478374988E-16    28.8600458537345
        8       9.01690281839810E-16    28.9063145572688
        9       9.02770823511040E-16    28.9335649214617
       10       9.05450078766917E-16    28.9496695449001
       11       9.07097877198487E-16    28.9592263353751
       12       9.02936130632749E-16    28.9649233484894
       13       9.03171625914855E-16    28.9683359248931
       14       9.09384298431645E-16    28.9703903960002
       15       9.01190384939190E-16    28.9716336228371
       16       9.08434583161896E-16    28.9723898600853
       17       9.04774710031654E-16    28.9728522692224
       18       9.05937505214362E-16    28.9731364797775
       19       9.00574392295711E-16    28.9733120569287
       20       9.09785763465670E-16    28.9734210663746
       21       9.10559380665875E-16    28.9734890760554
       22       9.07768001809839E-16    28.9735317064875
       23       9.03485913105200E-16    28.9735585497255
       24       9.09740044119009E-16    28.9735755256649
       25       9.04029630252421E-16    28.9735863059386
       26       8.95447442912850E-16    28.9735931787370
       27       9.09486696163113E-16    28.9735975767371
       28       9.04788121862297E-16    28.9736004009985
       29       9.02153679444895E-16    28.9736022206773
       30       9.03656590272128E-16    28.9736033967631
       31       9.05861153254054E-16    28.9736041591151
       32       9.02036095952430E-16    28.9736046546408
       33       9.06856174630610E-16    28.9736049775617
       34       9.07511588029421E-16    28.9736051885100
       35       9.05126893646448E-16    28.9736053266247
       36       9.01831759019524E-16    28.9736054172455
       37       9.03907223483171E-16    28.9736054768225
       38       9.02773747525815E-16    28.9736055160642
       39       9.03085658576948E-16    28.9736055419568
       40       9.02192067062893E-16    28.9736055590700
       41       9.03796139977664E-16    28.9736055703981
       42       9.02973625390060E-16    28.9736055779077
       43       9.05226456359771E-16    28.9736055828931
       44       8.98319675739684E-16    28.9736055862071
       45       9.02937191239318E-16    28.9736055884132
       46       8.99191672870467E-16    28.9736055898825
       47       9.00076818614601E-16    28.9736055908628
       48       9.03506747802615E-16    28.9736055915177
       49       9.01243243779760E-16    28.9736055919555
       50       9.04474800523369E-16    28.9736055922482
       51       9.00898007292359E-16    28.9736055924445
       52       8.95774705464568E-16    28.9736055925760
       53       8.97523191042161E-16    28.9736055926643
       54       9.03040566126811E-16    28.9736055927237
       55       8.98872553571075E-16    28.9736055927634
       56       9.01150233610286E-16    28.9736055927904
       57       8.98428904226573E-16    28.9736055928081
       58       8.99923317431084E-16    28.9736055928205
       59       8.99502517857149E-16    28.9736055928285
       60       9.02009528676387E-16    28.9736055928342
       61       8.99815301161566E-16    28.9736055928379
       62       9.01737361348607E-16    28.9736055928402
       63       9.02115230742087E-16    28.9736055928421
       64       8.99090498494286E-16    28.9736055928431
       65       9.02905466481353E-16    28.9736055928437
       66       9.05916637212403E-16    28.9736055928445
       67       9.01469496478060E-16    28.9736055928450
       68       9.02335367140139E-16    28.9736055928450
       69       9.04209462633152E-16    28.9736055928451
       70       8.96300164989742E-16    28.9736055928453
       71       9.01908875270751E-16    28.9736055928452
       72       9.00554309241571E-16    28.9736055928453
       73       8.98877445742845E-16    28.9736055928457
       74       8.98812695769162E-16    28.9736055928455
       75       8.95677304634915E-16    28.9736055928455
 Benchmark completed
 VERIFICATION SUCCESSFUL
 Zeta is     2.8973605592846E+01
 Error is    1.7779750669115E-14


 CG Benchmark Completed.
 Class           =                        C
 Size            =                   150000
 Iterations      =                       75
 Time in seconds =                    73.86
 Mop/s total     =                  1940.91
 Operation type  =           floating point
 Verification    =               SUCCESSFUL
 Version         =                    3.3.1
 Compile date    =              04 Jun 2018

 Compile options:
    CC           = gcc
    CLINK        = $(CC)
    C_LIB        = -lm -lOpenCL
    C_INC        = -I../common
    CFLAGS       = -g -Wall -O3 -mcmodel=medium
    CLINKFLAGS   = -O3 -mcmodel=medium
    RAND         = randdp

 OpenCL options:
    Device type  = CL_DEVICE_TYPE_CPU
    Device name  = Intel_Xeon_CPU_E5-2640_v4_2.40GHz

--------------------------------------
 Please send all errors/feedbacks to:
 Center for Manycore Programming
 cmp@aces.snu.ac.kr
 http://aces.snu.ac.kr
--------------------------------------


real	1m19.387s
user	11m25.827s
sys	0m11.334s
