

 NAS Parallel Benchmarks (NPB3.3-OCL) - CG Benchmark

 Size:        7000
 Iterations:                     15

 Initialization time =           2.592 seconds

   iteration           ||r||                 zeta
        1       1.42389381599243E-13    11.9997003727381
        2       1.79920410185465E-15    10.3457275664058
        3       1.77444523205691E-15    10.3617880137963
        4       1.77109411571126E-15    10.3625416284965
        5       1.73546592273970E-15    10.3625905854467
        6       1.70031638476820E-15    10.3625946467087
        7       1.67414439555917E-15    10.3625950398342
        8       1.66847876374845E-15    10.3625950817269
        9       1.63127744958107E-15    10.3625950864815
       10       1.59173953064448E-15    10.3625950870452
       11       1.53159567965640E-15    10.3625950871141
       12       1.53733664545927E-15    10.3625950871227
       13       1.52370288524797E-15    10.3625950871238
       14       1.48043857658811E-15    10.3625950871240
       15       1.45936587699573E-15    10.3625950871240
 Benchmark completed
 VERIFICATION SUCCESSFUL
 Zeta is     1.0362595087124E+01
 Error is    5.1426022858139E-16


 CG Benchmark Completed.
 Class           =                        W
 Size            =                     7000
 Iterations      =                       15
 Time in seconds =                     0.03
 Mop/s total     =                 13507.71
 Operation type  =           floating point
 Verification    =               SUCCESSFUL
 Version         =                    3.3.1
 Compile date    =              04 Jun 2018

 Compile options:
    CC           = gcc
    CLINK        = $(CC)
    C_LIB        = -lm -lOpenCL
    C_INC        = -I../common
    CFLAGS       = -g -Wall -O3 -mcmodel=medium
    CLINKFLAGS   = -O3 -mcmodel=medium
    RAND         = randdp

 OpenCL options:
    Device type  = CL_DEVICE_TYPE_GPU
    Device name  = GeForce_GTX_1080_Ti

--------------------------------------
 Please send all errors/feedbacks to:
 Center for Manycore Programming
 cmp@aces.snu.ac.kr
 http://aces.snu.ac.kr
--------------------------------------


real	0m2.817s
user	0m0.578s
sys	0m2.007s
