

 NAS Parallel Benchmarks (NPB3.3-OCL) - EP Benchmark

 Number of random numbers generated:       536870912

EP Benchmark Results:

CPU Time =    0.2657
N = 2^   28
No. Gaussian Pairs =       210832767
Sums =    -4.295875165632603E+03    -1.580732573678603E+04
Counts: 
  0       98257395
  1       93827014
  2       17611549
  3        1110028
  4          26536
  5            245
  6              0
  7              0
  8              0
  9              0


 EP Benchmark Completed.
 Class           =                        A
 Size            =                536870912
 Iterations      =                        0
 Time in seconds =                     0.27
 Mop/s total     =                  2020.86
 Operation type  = Random numbers generated
 Verification    =               SUCCESSFUL
 Version         =                    3.3.1
 Compile date    =              04 Jun 2018

 Compile options:
    CC           = gcc
    CLINK        = $(CC)
    C_LIB        = -lm -lOpenCL
    C_INC        = -I../common
    CFLAGS       = -g -Wall -O3 -mcmodel=medium
    CLINKFLAGS   = -O3 -mcmodel=medium
    RAND         = randdp

 OpenCL options:
    Device type  = CL_DEVICE_TYPE_GPU
    Device name  = GeForce_GTX_1080_Ti

--------------------------------------
 Please send all errors/feedbacks to:
 Center for Manycore Programming
 cmp@aces.snu.ac.kr
 http://aces.snu.ac.kr
--------------------------------------


real	0m2.493s
user	0m0.212s
sys	0m2.088s
