

 NAS Parallel Benchmarks (NPB3.3-OCL) - EP Benchmark

 Number of random numbers generated:      8589934592

EP Benchmark Results:

CPU Time =    2.1753
N = 2^   32
No. Gaussian Pairs =      3373275903
Sums =     4.764367927994315E+04    -8.084072988043867E+04
Counts: 
  0     1572172634
  1     1501108549
  2      281805648
  3       17761221
  4         424017
  5           3821
  6             13
  7              0
  8              0
  9              0


 EP Benchmark Completed.
 Class           =                        C
 Size            =               8589934592
 Iterations      =                        0
 Time in seconds =                     2.18
 Mop/s total     =                  3948.92
 Operation type  = Random numbers generated
 Verification    =               SUCCESSFUL
 Version         =                    3.3.1
 Compile date    =              04 Jun 2018

 Compile options:
    CC           = gcc
    CLINK        = $(CC)
    C_LIB        = -lm -lOpenCL
    C_INC        = -I../common
    CFLAGS       = -g -Wall -O3 -mcmodel=medium
    CLINKFLAGS   = -O3 -mcmodel=medium
    RAND         = randdp

 OpenCL options:
    Device type  = CL_DEVICE_TYPE_GPU
    Device name  = GeForce_GTX_1080_Ti

--------------------------------------
 Please send all errors/feedbacks to:
 Center for Manycore Programming
 cmp@aces.snu.ac.kr
 http://aces.snu.ac.kr
--------------------------------------


real	0m4.437s
user	0m1.494s
sys	0m2.743s
