

 NAS Parallel Benchmarks (NPB3.3-OCL) - EP Benchmark

 Number of random numbers generated:        33554432

EP Benchmark Results:

CPU Time =    0.0546
N = 2^   24
No. Gaussian Pairs =        13176389
Sums =    -3.247834652034619E+03    -6.958407078382820E+03
Counts: 
  0        6140517
  1        5865300
  2        1100361
  3          68546
  4           1648
  5             17
  6              0
  7              0
  8              0
  9              0


 EP Benchmark Completed.
 Class           =                        S
 Size            =                 33554432
 Iterations      =                        0
 Time in seconds =                     0.05
 Mop/s total     =                   614.66
 Operation type  = Random numbers generated
 Verification    =               SUCCESSFUL
 Version         =                    3.3.1
 Compile date    =              04 Jun 2018

 Compile options:
    CC           = gcc
    CLINK        = $(CC)
    C_LIB        = -lm -lOpenCL
    C_INC        = -I../common
    CFLAGS       = -g -Wall -O3 -mcmodel=medium
    CLINKFLAGS   = -O3 -mcmodel=medium
    RAND         = randdp

 OpenCL options:
    Device type  = CL_DEVICE_TYPE_CPU
    Device name  = Intel_Xeon_CPU_E5-2640_v4_2.40GHz

--------------------------------------
 Please send all errors/feedbacks to:
 Center for Manycore Programming
 cmp@aces.snu.ac.kr
 http://aces.snu.ac.kr
--------------------------------------


real	0m1.770s
user	0m0.672s
sys	0m1.299s
