

 NAS Parallel Benchmarks (NPB3.3-OCL) - FT Benchmark

 Size                :  512x 256x 256
 Iterations          :             20

 T =    1     Checksum =    5.177643571579E+02    5.077803458597E+02
 T =    2     Checksum =    5.154521291263E+02    5.088249431599E+02
 T =    3     Checksum =    5.146409228650E+02    5.096208912659E+02
 T =    4     Checksum =    5.142378756213E+02    5.101023387619E+02
 T =    5     Checksum =    5.139626667737E+02    5.103976610618E+02
 T =    6     Checksum =    5.137423460082E+02    5.105948019802E+02
 T =    7     Checksum =    5.135547056878E+02    5.107404165783E+02
 T =    8     Checksum =    5.133910925467E+02    5.108576573661E+02
 T =    9     Checksum =    5.132470705390E+02    5.109577278523E+02
 T =   10     Checksum =    5.131197729984E+02    5.110460304483E+02
 T =   11     Checksum =    5.130070319283E+02    5.111252433800E+02
 T =   12     Checksum =    5.129070537032E+02    5.111968077719E+02
 T =   13     Checksum =    5.128182883503E+02    5.112616233064E+02
 T =   14     Checksum =    5.127393733383E+02    5.113203605551E+02
 T =   15     Checksum =    5.126691062021E+02    5.113735928093E+02
 T =   16     Checksum =    5.126064276005E+02    5.114218460548E+02
 T =   17     Checksum =    5.125504076570E+02    5.114656139760E+02
 T =   18     Checksum =    5.125002331721E+02    5.115053595966E+02
 T =   19     Checksum =    5.124551951846E+02    5.115415130407E+02
 T =   20     Checksum =    5.124146770029E+02    5.115744692211E+02
 Result verification successful
 class = B


 FT Benchmark Completed.
 Class           =                        B
 Size            =            512x 256x 256
 Iterations      =                       20
 Time in seconds =                    10.21
 Mop/s total     =                  9016.56
 Operation type  =           floating point
 Verification    =               SUCCESSFUL
 Version         =                    3.3.1
 Compile date    =              04 Jun 2018

 Compile options:
    CC           = gcc
    CLINK        = $(CC)
    C_LIB        = -lm -lOpenCL
    C_INC        = -I../common
    CFLAGS       = -g -Wall -O3 -mcmodel=medium
    CLINKFLAGS   = -O3 -mcmodel=medium
    RAND         = randdp

 OpenCL options:
    Device type  = CL_DEVICE_TYPE_CPU
    Device name  = Intel_Xeon_CPU_E5-2640_v4_2.40GHz

--------------------------------------
 Please send all errors/feedbacks to:
 Center for Manycore Programming
 cmp@aces.snu.ac.kr
 http://aces.snu.ac.kr
--------------------------------------


real	0m12.975s
user	1m29.089s
sys	0m10.779s
