

 NAS Parallel Benchmarks (NPB3.3-OCL) - IS Benchmark

 Size:  65536  (class S)
 Iterations:   10


 IS Benchmark Completed.
 Class           =                        S
 Size            =                    65536
 Iterations      =                       10
 Time in seconds =                     0.00
 Mop/s total     =                  1663.35
 Operation type  =              keys ranked
 Verification    =               SUCCESSFUL
 Version         =                    3.3.1
 Compile date    =              04 Jun 2018

 Compile options:
    CC           = gcc
    CLINK        = $(CC)
    C_LIB        = -lm -lOpenCL
    C_INC        = -I../common
    CFLAGS       = -g -Wall -O3 -mcmodel=medium
    CLINKFLAGS   = -O3 -mcmodel=medium

 OpenCL options:
    Device type  = CL_DEVICE_TYPE_GPU
    Device name  = GeForce_GTX_1080_Ti

--------------------------------------
 Please send all errors/feedbacks to:
 Center for Manycore Programming
 cmp@aces.snu.ac.kr
 http://aces.snu.ac.kr
--------------------------------------


real	0m2.232s
user	0m0.187s
sys	0m1.837s
