

 NAS Parallel Benchmarks (NPB3.3-OCL) - LU Benchmark

 Size:   12x  12x  12
 Iterations:                     50

 Time step    1
 Time step   20
 Time step   40
 Time step   50

 Verification being performed for class S
 Accuracy setting for epsilon =  1.0000000000000E-08
 Comparison of RMS-norms of residual
           1   1.6196343210978E-02 1.6196343210977E-02 7.9258345880991E-14
           2   2.1976745164828E-03 2.1976745164821E-03 2.8199351502912E-13
           3   1.5179927653404E-03 1.5179927653399E-03 2.9940692807199E-13
           4   1.5029584436009E-03 1.5029584435994E-03 9.7689100336242E-13
           5   3.4264073155896E-02 3.4264073155896E-02 1.8023588574479E-14
 Comparison of RMS-norms of solution error
           1   6.4223319957950E-04 6.4223319957961E-04 1.6560998900469E-13
           2   8.4144342047362E-05 8.4144342047348E-05 1.6299559956419E-13
           3   5.8588269616501E-05 5.8588269616485E-05 2.7029519877492E-13
           4   5.8474222595128E-05 5.8474222595157E-05 4.9888332685340E-13
           5   1.3103347914112E-03 1.3103347914111E-03 3.0614680038193E-14
 Comparison of surface integral
               7.8418928865937E+00 7.8418928865937E+00 1.1326071811291E-16
 Verification Successful


 LU Benchmark Completed.
 Class           =                        S
 Size            =             12x  12x  12
 Iterations      =                       50
 Time in seconds =                     0.04
 Mop/s total     =                  2785.98
 Operation type  =           floating point
 Verification    =               SUCCESSFUL
 Version         =                    3.3.1
 Compile date    =              04 Jun 2018

 Compile options:
    CC           = gcc
    CLINK        = $(CC)
    C_LIB        = -lm -lOpenCL
    C_INC        = -I../common
    CFLAGS       = -g -Wall -O3 -mcmodel=medium
    CLINKFLAGS   = -O3 -mcmodel=medium
    RAND         = (none)

 OpenCL options:
    Device type  = CL_DEVICE_TYPE_GPU
    Device name  = GeForce_GTX_1080_Ti

--------------------------------------
 Please send all errors/feedbacks to:
 Center for Manycore Programming
 cmp@aces.snu.ac.kr
 http://aces.snu.ac.kr
--------------------------------------


real	0m4.108s
user	0m1.783s
sys	0m2.074s
