

 NAS Parallel Benchmarks (NPB3.3-OCL) - MG Benchmark

 No input file. Using compiled defaults 
 Size:  256x 256x 256  (class A)
 Iterations:                      4

 Initialization time:           2.316 seconds

  iter   1
  iter   4

 Benchmark completed
 VERIFICATION SUCCESSFUL
 L2 Norm is  2.4333653090695E-06
 Error is    2.0119668908254E-13


 MG Benchmark Completed.
 Class           =                        A
 Size            =            256x 256x 256
 Iterations      =                        4
 Time in seconds =                     0.58
 Mop/s total     =                  6707.20
 Operation type  =           floating point
 Verification    =               SUCCESSFUL
 Version         =                    3.3.1
 Compile date    =              04 Jun 2018

 Compile options:
    CC           = gcc
    CLINK        = $(CC)
    C_LIB        = -lm -lOpenCL
    C_INC        = -I../common
    CFLAGS       = -g -Wall -O3 -mcmodel=medium
    CLINKFLAGS   = -O3 -mcmodel=medium
    RAND         = randdp

 OpenCL options:
    Device type  = CL_DEVICE_TYPE_CPU
    Device name  = Intel_Xeon_CPU_E5-2640_v4_2.40GHz

--------------------------------------
 Please send all errors/feedbacks to:
 Center for Manycore Programming
 cmp@aces.snu.ac.kr
 http://aces.snu.ac.kr
--------------------------------------


real	0m2.974s
user	0m8.977s
sys	0m1.579s
