

 NAS Parallel Benchmarks (NPB3.3-OCL) - MG Benchmark

 No input file. Using compiled defaults 
 Size:  512x 512x 512  (class C)
 Iterations:                     20

 Initialization time:           5.601 seconds

  iter   1
  iter   5
  iter  10
  iter  15
  iter  20

 Benchmark completed
 VERIFICATION SUCCESSFUL
 L2 Norm is  5.7067322857405E-07
 Error is    7.9408425713856E-14


 MG Benchmark Completed.
 Class           =                        C
 Size            =            512x 512x 512
 Iterations      =                       20
 Time in seconds =                     1.62
 Mop/s total     =                 96389.68
 Operation type  =           floating point
 Verification    =               SUCCESSFUL
 Version         =                    3.3.1
 Compile date    =              04 Jun 2018

 Compile options:
    CC           = gcc
    CLINK        = $(CC)
    C_LIB        = -lm -lOpenCL
    C_INC        = -I../common
    CFLAGS       = -g -Wall -O3 -mcmodel=medium
    CLINKFLAGS   = -O3 -mcmodel=medium
    RAND         = randdp

 OpenCL options:
    Device type  = CL_DEVICE_TYPE_GPU
    Device name  = GeForce_GTX_1080_Ti

--------------------------------------
 Please send all errors/feedbacks to:
 Center for Manycore Programming
 cmp@aces.snu.ac.kr
 http://aces.snu.ac.kr
--------------------------------------


real	0m7.480s
user	0m3.560s
sys	0m3.713s
