

 NAS Parallel Benchmarks (NPB3.3-OCL) - MG Benchmark

 No input file. Using compiled defaults 
 Size:  128x 128x 128  (class W)
 Iterations:                      4

 Initialization time:           2.382 seconds

  iter   1
  iter   4

 Benchmark completed
 VERIFICATION SUCCESSFUL
 L2 Norm is  6.4673293753392E-06
 Error is    2.9206545124789E-14


 MG Benchmark Completed.
 Class           =                        W
 Size            =            128x 128x 128
 Iterations      =                        4
 Time in seconds =                     0.01
 Mop/s total     =                 54864.60
 Operation type  =           floating point
 Verification    =               SUCCESSFUL
 Version         =                    3.3.1
 Compile date    =              04 Jun 2018

 Compile options:
    CC           = gcc
    CLINK        = $(CC)
    C_LIB        = -lm -lOpenCL
    C_INC        = -I../common
    CFLAGS       = -g -Wall -O3 -mcmodel=medium
    CLINKFLAGS   = -O3 -mcmodel=medium
    RAND         = randdp

 OpenCL options:
    Device type  = CL_DEVICE_TYPE_GPU
    Device name  = GeForce_GTX_1080_Ti

--------------------------------------
 Please send all errors/feedbacks to:
 Center for Manycore Programming
 cmp@aces.snu.ac.kr
 http://aces.snu.ac.kr
--------------------------------------


real	0m2.564s
user	0m0.451s
sys	0m1.915s
