

 NAS Parallel Benchmarks (NPB3.3-OCL) - SP Benchmark

 No input file inputsp.data. Using compiled defaults
 Size:   64x  64x  64
 Iterations:  400    dt:    0.0015000

 Time step    1
 Time step   20
 Time step   40
 Time step   60
 Time step   80
 Time step  100
 Time step  120
 Time step  140
 Time step  160
 Time step  180
 Time step  200
 Time step  220
 Time step  240
 Time step  260
 Time step  280
 Time step  300
 Time step  320
 Time step  340
 Time step  360
 Time step  380
 Time step  400
 Verification being performed for class A
 accuracy setting for epsilon =  1.0000000000000E-08
 Comparison of RMS-norms of residual
           1 2.4799822399302E+00 2.4799822399300E+00 6.4644093886897E-14
           2 1.1276337964369E+00 1.1276337964369E+00 2.4613997650063E-14
           3 1.5028977888771E+00 1.5028977888770E+00 8.8646589236494E-16
           4 1.4217816211694E+00 1.4217816211695E+00 4.9350824424494E-14
           5 2.1292113035138E+00 2.1292113035138E+00 9.8027813531272E-15
 Comparison of RMS-norms of solution error
           1 1.0900140297816E-04 1.0900140297821E-04 4.2696127739976E-13
           2 3.7343951769284E-05 3.7343951769282E-05 3.9194377228695E-14
           3 5.0092785406542E-05 5.0092785406542E-05 3.1113075671460E-15
           4 4.7671093939533E-05 4.7671093939528E-05 9.2537158784237E-14
           5 1.3621613399213E-04 1.3621613399213E-04 5.7705834985554E-15
 Verification Successful


 SP Benchmark Completed.
 Class           =                        A
 Size            =             64x  64x  64
 Iterations      =                      400
 Time in seconds =                    10.41
 Mop/s total     =                  8169.02
 Operation type  =           floating point
 Verification    =               SUCCESSFUL
 Version         =                    3.3.1
 Compile date    =              04 Jun 2018

 Compile options:
    CC           = gcc
    CLINK        = $(CC)
    C_LIB        = -lm -lOpenCL
    C_INC        = -I../common
    CFLAGS       = -g -Wall -O3 -mcmodel=medium
    CLINKFLAGS   = -O3 -mcmodel=medium
    RAND         = (none)

 OpenCL options:
    Device type  = CL_DEVICE_TYPE_CPU
    Device name  = Intel_Xeon_CPU_E5-2640_v4_2.40GHz

--------------------------------------
 Please send all errors/feedbacks to:
 Center for Manycore Programming
 cmp@aces.snu.ac.kr
 http://aces.snu.ac.kr
--------------------------------------


real	0m14.431s
user	1m40.075s
sys	0m3.336s
