

 NAS Parallel Benchmarks (NPB3.3-OCL) - SP Benchmark

 No input file inputsp.data. Using compiled defaults
 Size:   12x  12x  12
 Iterations:  100    dt:    0.0150000

 Time step    1
 Time step   20
 Time step   40
 Time step   60
 Time step   80
 Time step  100
 Verification being performed for class S
 accuracy setting for epsilon =  1.0000000000000E-08
 Comparison of RMS-norms of residual
           1 2.7470315451379E-02 2.7470315451339E-02 1.4245155735617E-12
           2 1.0360746705295E-02 1.0360746705285E-02 9.6156360211495E-13
           3 1.6235745065094E-02 1.6235745065096E-02 1.1539361738826E-13
           4 1.5840557224467E-02 1.5840557224456E-02 6.9627423479982E-13
           5 3.4849040609341E-02 3.4849040609362E-02 6.2561276479500E-13
 Comparison of RMS-norms of solution error
           1 2.7289258557411E-05 2.7289258557377E-05 1.2541022002817E-12
           2 1.0364446640852E-05 1.0364446640837E-05 1.4073020834753E-12
           3 1.6154798287159E-05 1.6154798287166E-05 4.5930679455417E-13
           4 1.5750704994490E-05 1.5750704994480E-05 6.5888147060063E-13
           5 3.4177666183375E-05 3.4177666183391E-05 4.6076980420053E-13
 Verification Successful


 SP Benchmark Completed.
 Class           =                        S
 Size            =             12x  12x  12
 Iterations      =                      100
 Time in seconds =                     0.11
 Mop/s total     =                   849.96
 Operation type  =           floating point
 Verification    =               SUCCESSFUL
 Version         =                    3.3.1
 Compile date    =              04 Jun 2018

 Compile options:
    CC           = gcc
    CLINK        = $(CC)
    C_LIB        = -lm -lOpenCL
    C_INC        = -I../common
    CFLAGS       = -g -Wall -O3 -mcmodel=medium
    CLINKFLAGS   = -O3 -mcmodel=medium
    RAND         = (none)

 OpenCL options:
    Device type  = CL_DEVICE_TYPE_CPU
    Device name  = Intel_Xeon_CPU_E5-2640_v4_2.40GHz

--------------------------------------
 Please send all errors/feedbacks to:
 Center for Manycore Programming
 cmp@aces.snu.ac.kr
 http://aces.snu.ac.kr
--------------------------------------


real	0m4.081s
user	0m3.196s
sys	0m1.584s
